<?xml version="1.0" encoding="UTF-8"?>
<!-- Generated by org.testng.reporters.JUnitReportReporter -->
<testsuite hostname="LIN-5CG1347HCF" failures="0" tests="2" name="stepDefinition.excelSd" time="31.905" errors="0" timestamp="2024-04-02T13:56:56 IST" skipped="0">
  <testcase classname="stepDefinition.excelSd" name="testExcel" time="27.178"/>
  <testcase classname="stepDefinition.excelSd" name="testExcel" time="4.727"/>
</testsuite> <!-- stepDefinition.excelSd -->
