<?xml version="1.0" encoding="UTF-8"?>
<!-- Generated by org.testng.reporters.JUnitReportReporter -->
<testsuite hostname="LIN-5CG1347HCF" failures="0" tests="5" name="runner.apolloRunnerTNg" time="0.111" errors="0" timestamp="2024-04-02T14:06:43 IST" skipped="0">
  <testcase classname="runner.apolloRunnerTNg" name="runScenario" time="0.004"/>
  <testcase classname="runner.apolloRunnerTNg" name="runScenario" time="0.007"/>
  <testcase classname="runner.apolloRunnerTNg" name="runScenario" time="0.004"/>
  <testcase classname="runner.apolloRunnerTNg" name="runScenario" time="0.005"/>
  <testcase classname="runner.apolloRunnerTNg" name="runScenario" time="0.091"/>
</testsuite> <!-- runner.apolloRunnerTNg -->
